10:43:59,819  INFO CRSApplication,main:20 - Enter code 1 for Student  2 for Professor  3 for Admin
10:43:59,822 DEBUG CRSApplication,main:21 - sasasa
11:02:26,725  INFO CRSApplication,main:20 - 
 Enter code 1 for Student
  2 for Professor
  3 for Admin
11:02:41,938  INFO CRSApplication,main:20 - 
 Enter code
 1 for Student
  2 for Professor
  3 for Admin
17:24:36,917  INFO CRSApplication,main:20 - 
 Enter code
 1 for Student
 2 for Professor
 3 for Admin
17:27:16,100  INFO CRSApplication,main:20 - 
 Enter code
 1 for Student
 2 for Professor
 3 for Admin
17:27:54,090  INFO CRSApplication,main:20 - 
 Enter code
 1 for Student
 2 for Professor
 3 for Admin
17:28:39,038  INFO CRSApplication,main:20 - 
 Enter code
 1 for Student
 2 for Professor
 3 for Admin
17:29:04,401  INFO CRSApplication,main:20 - 
 Enter code
 1 for Student
 2 for Professor
 3 for Admin
17:33:02,975  INFO CRSApplication,main:21 - 
 Enter code
 1 for Student
 2 for Professor
 3 for Admin
17:34:06,495  INFO CRSApplication,main:21 - 
 Enter code
 1 for Student
 2 for Professor
 3 for Admin
18:00:31,068  INFO CRSApplication,main:22 - 
 Enter code
 1 for Student
 2 for Professor
 3 for Admin
18:01:59,805  INFO CRSApplication,main:22 - 
 Enter code
 1 for Student
 2 for Professor
 3 for Admin
14:45:05,428  INFO CRSApplication,main:22 - 
Enter code
 1 for Student
 2 for Professor
 3 for Admin
15:33:42,908  INFO CRSApplication,main:23 - 
Enter code
 1 for Student
 2 for Professor
 3 for Admin
15:34:27,916  INFO CRSApplication,main:23 - 
Enter code
 1 for Student
 2 for Professor
 3 for Admin
15:39:09,001  INFO CRSApplication,main:23 - 
Enter code
 1 for Student
 2 for Professor
 3 for Admin
15:41:32,511  INFO CRSApplication,main:23 - 
Enter code
 1 for Student
 2 for Professor
 3 for Admin
15:42:40,360  INFO CRSApplication,main:23 - 
Enter code
 1 for Student
 2 for Professor
 3 for Admin
15:47:37,735  INFO CRSApplication,main:23 - 
Enter code
 1 for Student
 2 for Professor
 3 for Admin
15:51:37,212  INFO CRSApplication,main:23 - 
Enter code
 1 for Student
 2 for Professor
 3 for Admin
15:52:05,724  INFO CRSApplication,main:23 - 
Enter code
 1 for Student
 2 for Professor
 3 for Admin
15:54:23,717  INFO CRSApplication,main:23 - 
Enter code
 1 for Student
 2 for Professor
 3 for Admin
15:55:54,572  INFO CRSApplication,main:23 - 
Enter code
 1 for Student
 2 for Professor
 3 for Admin
15:56:46,889  INFO CRSApplication,main:23 - 
Enter code
 1 for Student
 2 for Professor
 3 for Admin
16:59:52,006  INFO CRSApplication,main:23 - 
Enter code
 1 for Student
 2 for Professor
 3 for Admin
17:00:31,306  INFO CRSApplication,main:23 - 
Enter code
 1 for Student
 2 for Professor
 3 for Admin
14:09:36,564  INFO CRSApplication,main:23 - 
Enter code
 1 for Student
 2 for Professor
 3 for Admin
14:12:36,560  INFO CRSApplication,main:23 - 
Enter code
 1 for Student
 2 for Professor
 3 for Admin
14:15:14,296  INFO CRSApplication,main:23 - 
Enter code
 1 for Student
 2 for Professor
 3 for Admin
15:50:29,774  INFO CRSApplication,main:25 - 
Enter code
 1 for Student
 2 for Professor
 3 for Admin
17:33:27,654  INFO CRSApplication,main:25 - 
Enter code
 1 for Student
 2 for Professor
 3 for Admin
17:38:16,283  INFO CRSApplication,main:25 - 
Enter code
 1 for Student
 2 for Professor
 3 for Admin
17:40:10,436  INFO CRSApplication,main:25 - 
Enter code
 1 for Student
 2 for Professor
 3 for Admin
09:41:31,866  INFO CRSApplication,main:26 - 
Enter code
 1 for Student
 2 for Professor
 3 for Admin
09:42:31,999  INFO CRSApplication,main:26 - 
Enter code
 1 for Student
 2 for Professor
 3 for Admin
09:44:46,947  INFO CRSApplication,main:26 - 
Enter code
 1 for Student
 2 for Professor
 3 for Admin
09:51:17,539  INFO CRSApplication,main:26 - 
Enter code
 1 for Student
 2 for Professor
 3 for Admin
09:52:00,381  INFO CRSApplication,main:26 - 
Enter code
 1 for Student
 2 for Professor
 3 for Admin
09:53:05,428  INFO CRSApplication,main:26 - 
Enter code
 1 for Student
 2 for Professor
 3 for Admin
09:54:59,723  INFO CRSApplication,main:26 - 
Enter code
 1 for Student
 2 for Professor
 3 for Admin
09:55:33,229  INFO CRSApplication,main:26 - 
Enter code
 1 for Student
 2 for Professor
 3 for Admin
10:00:02,642  INFO CRSApplication,main:26 - 
Enter code
 1 for Student
 2 for Professor
 3 for Admin
10:26:42,560  INFO CRSApplication,main:26 - 
Enter code
 1 for Student
 2 for Professor
 3 for Admin
10:55:00,084  INFO CRSApplication,main:26 - 
Enter code
 1 for Student
 2 for Professor
 3 for Admin
14:54:20,658  INFO CRSApplication,main:29 - 
Enter code
 1 for Student
 2 for Professor
 3 for Admin
14:54:39,238  INFO CRSApplication,main:29 - 
Enter code
 1 for Student
 2 for Professor
 3 for Admin
15:00:07,181  INFO CRSApplication,main:29 - 
Enter code
 1 for Student
 2 for Professor
 3 for Admin
15:33:25,399  INFO CRSApplication,main:29 - 
Enter code
 1 for Student
 2 for Professor
 3 for Admin
15:35:03,764  INFO CRSApplication,main:96 - Congrats ! Course Added !---
20:57:51,669  INFO CRSApplication,main:214 - Dropping Course....
20:57:51,681  INFO CRSApplication,main:229 - Congrats ! Course Dropped !---
09:48:24,313  INFO CRSApplication,main:214 - Dropping Course....
09:48:24,315  INFO CRSApplication,main:229 - Congrats ! Course Dropped !---
10:12:42,849  INFO CRSApplication,main:94 - ----------Welcome to Course Management System---------
10:12:42,853  INFO CRSApplication,main:95 - 1 - Login
10:12:42,853  INFO CRSApplication,main:96 - 2 - Student Registration
10:12:42,853  INFO CRSApplication,main:97 - 3 - Update password
10:12:42,853  INFO CRSApplication,main:98 - 9 - Exit
10:12:42,853  INFO CRSApplication,main:99 - Enter user input
10:14:27,465  INFO CRSApplication,main:94 - ----------Welcome to Course Management System---------
10:14:27,470  INFO CRSApplication,main:96 - =========Enter action code as below=========
10:14:27,471  INFO CRSApplication,main:97 - 1 - Login
10:14:27,471  INFO CRSApplication,main:98 - 2 - Student Registration
10:14:27,471  INFO CRSApplication,main:99 - 3 - Update password
10:14:27,471  INFO CRSApplication,main:100 - 9 - Exit
10:21:23,867  INFO CRSApplication,main:41 - ----------Welcome to Course Management System---------
10:21:23,870  INFO CRSApplication,main:43 - =========Enter action code as below=========
10:21:23,870  INFO CRSApplication,main:44 - 1 - Login
10:21:23,870  INFO CRSApplication,main:45 - 2 - Student Registration
10:21:23,870  INFO CRSApplication,main:46 - 3 - Update password
10:21:23,870  INFO CRSApplication,main:47 - 9 - Exit
10:26:32,115  INFO CRSApplication,main:41 - ----------Welcome to Course Management System---------
10:26:32,119  INFO CRSApplication,main:43 - =========Enter action code as below=========
10:26:32,119  INFO CRSApplication,main:44 - 1 - Login
10:26:32,119  INFO CRSApplication,main:45 - 2 - Student Registration
10:26:32,119  INFO CRSApplication,main:46 - 3 - Update password
10:26:32,119  INFO CRSApplication,main:47 - 9 - Exit
13:13:49,544  INFO CRSApplication,main:34 - ----------Welcome to Course Management System---------
13:13:49,547  INFO CRSApplication,main:36 - =========Enter action code as below=========
13:13:49,547  INFO CRSApplication,main:37 - 1 - Login
13:13:49,547  INFO CRSApplication,main:38 - 2 - Student Registration
13:13:49,548  INFO CRSApplication,main:39 - 3 - Update password
13:13:49,548  INFO CRSApplication,main:40 - 9 - Exit
13:22:51,906  INFO CRSApplication,main:34 - ----------Welcome to Course Management System---------
13:22:51,908  INFO CRSApplication,main:36 - =========Enter action code as below=========
13:22:51,908  INFO CRSApplication,main:37 - 1 - Login
13:22:51,908  INFO CRSApplication,main:38 - 2 - Student Registration
13:22:51,908  INFO CRSApplication,main:39 - 3 - Update password
13:22:51,908  INFO CRSApplication,main:40 - 9 - Exit
13:25:44,602  INFO CRSApplication,main:34 - ----------Welcome to Course Management System---------
13:25:44,604  INFO CRSApplication,main:36 - =========Enter action code as below=========
13:25:44,604  INFO CRSApplication,main:37 - 1 - Login
13:25:44,605  INFO CRSApplication,main:38 - 2 - Student Registration
13:25:44,605  INFO CRSApplication,main:39 - 3 - Update password
13:25:44,605  INFO CRSApplication,main:40 - 9 - Exit
13:26:57,550  INFO CRSApplication,main:34 - ----------Welcome to Course Management System---------
13:26:57,552  INFO CRSApplication,main:36 - =========Enter action code as below=========
13:26:57,552  INFO CRSApplication,main:37 - 1 - Login
13:26:57,552  INFO CRSApplication,main:38 - 2 - Student Registration
13:26:57,552  INFO CRSApplication,main:39 - 3 - Update password
13:26:57,552  INFO CRSApplication,main:40 - 9 - Exit
13:27:59,822  INFO CRSApplication,main:34 - ----------Welcome to Course Management System---------
13:27:59,828  INFO CRSApplication,main:36 - =========Enter action code as below=========
13:27:59,829  INFO CRSApplication,main:37 - 1 - Login
13:27:59,829  INFO CRSApplication,main:38 - 2 - Student Registration
13:27:59,829  INFO CRSApplication,main:39 - 3 - Update password
13:27:59,829  INFO CRSApplication,main:40 - 9 - Exit
13:29:06,356  INFO CRSApplication,main:34 - ----------Welcome to Course Management System---------
13:29:06,360  INFO CRSApplication,main:36 - =========Enter action code as below=========
13:29:06,361  INFO CRSApplication,main:37 - 1 - Login
13:29:06,361  INFO CRSApplication,main:38 - 2 - Student Registration
13:29:06,361  INFO CRSApplication,main:39 - 3 - Update password
13:29:06,361  INFO CRSApplication,main:40 - 9 - Exit
13:32:49,349  INFO CRSApplication,main:34 - ----------Welcome to Course Management System---------
13:32:49,351  INFO CRSApplication,main:36 - =========Enter action code as below=========
13:32:49,351  INFO CRSApplication,main:37 - 1 - Login
13:32:49,351  INFO CRSApplication,main:38 - 2 - Student Registration
13:32:49,351  INFO CRSApplication,main:39 - 3 - Update password
13:32:49,351  INFO CRSApplication,main:40 - 9 - Exit
13:33:29,525  INFO CRSApplication,main:34 - ----------Welcome to Course Management System---------
13:33:29,528  INFO CRSApplication,main:36 - =========Enter action code as below=========
13:33:29,528  INFO CRSApplication,main:37 - 1 - Login
13:33:29,528  INFO CRSApplication,main:38 - 2 - Student Registration
13:33:29,528  INFO CRSApplication,main:39 - 3 - Update password
13:33:29,528  INFO CRSApplication,main:40 - 9 - Exit
13:35:06,073  INFO CRSApplication,main:34 - ----------Welcome to Course Management System---------
13:35:06,075  INFO CRSApplication,main:36 - =========Enter action code as below=========
13:35:06,075  INFO CRSApplication,main:37 - 1 - Login
13:35:06,075  INFO CRSApplication,main:38 - 2 - Student Registration
13:35:06,075  INFO CRSApplication,main:39 - 3 - Update password
13:35:06,075  INFO CRSApplication,main:40 - 9 - Exit
13:35:16,769  INFO CRSApplication,main:88 - course added succesfully....
13:36:04,918  INFO CRSApplication,main:34 - ----------Welcome to Course Management System---------
13:36:04,921  INFO CRSApplication,main:36 - =========Enter action code as below=========
13:36:04,921  INFO CRSApplication,main:37 - 1 - Login
13:36:04,922  INFO CRSApplication,main:38 - 2 - Student Registration
13:36:04,922  INFO CRSApplication,main:39 - 3 - Update password
13:36:04,922  INFO CRSApplication,main:40 - 9 - Exit
13:36:18,311  INFO CRSApplication,main:88 - course added succesfully....
13:37:30,448  INFO CRSApplication,main:34 - ----------Welcome to Course Management System---------
13:37:30,450  INFO CRSApplication,main:36 - =========Enter action code as below=========
13:37:30,450  INFO CRSApplication,main:37 - 1 - Login
13:37:30,450  INFO CRSApplication,main:38 - 2 - Student Registration
13:37:30,451  INFO CRSApplication,main:39 - 3 - Update password
13:37:30,451  INFO CRSApplication,main:40 - 9 - Exit
13:41:46,202  INFO CRSApplication,main:34 - ----------Welcome to Course Management System---------
13:41:46,204  INFO CRSApplication,main:36 - =========Enter action code as below=========
13:41:46,204  INFO CRSApplication,main:37 - 1 - Login
13:41:46,204  INFO CRSApplication,main:38 - 2 - Student Registration
13:41:46,205  INFO CRSApplication,main:39 - 3 - Update password
13:41:46,205  INFO CRSApplication,main:40 - 9 - Exit
13:44:33,889  INFO CRSApplication,main:34 - ----------Welcome to Course Management System---------
13:44:33,891  INFO CRSApplication,main:36 - =========Enter action code as below=========
13:44:33,891  INFO CRSApplication,main:37 - 1 - Login
13:44:33,891  INFO CRSApplication,main:38 - 2 - Student Registration
13:44:33,891  INFO CRSApplication,main:39 - 3 - Update password
13:44:33,891  INFO CRSApplication,main:40 - 9 - Exit
13:45:51,384  INFO CRSApplication,main:34 - ----------Welcome to Course Management System---------
13:45:51,386  INFO CRSApplication,main:36 - =========Enter action code as below=========
13:45:51,386  INFO CRSApplication,main:37 - 1 - Login
13:45:51,386  INFO CRSApplication,main:38 - 2 - Student Registration
13:45:51,386  INFO CRSApplication,main:39 - 3 - Update password
13:45:51,386  INFO CRSApplication,main:40 - 9 - Exit
13:47:57,287  INFO CRSApplication,main:34 - ----------Welcome to Course Management System---------
13:47:57,289  INFO CRSApplication,main:36 - =========Enter action code as below=========
13:47:57,289  INFO CRSApplication,main:37 - 1 - Login
13:47:57,289  INFO CRSApplication,main:38 - 2 - Student Registration
13:47:57,289  INFO CRSApplication,main:39 - 3 - Update password
13:47:57,289  INFO CRSApplication,main:40 - 9 - Exit
13:48:22,956  INFO CRSApplication,main:52 - logging out
13:48:29,719  INFO CRSApplication,main:34 - ----------Welcome to Course Management System---------
13:48:29,721  INFO CRSApplication,main:36 - =========Enter action code as below=========
13:48:29,721  INFO CRSApplication,main:37 - 1 - Login
13:48:29,722  INFO CRSApplication,main:38 - 2 - Student Registration
13:48:29,722  INFO CRSApplication,main:39 - 3 - Update password
13:48:29,722  INFO CRSApplication,main:40 - 9 - Exit
13:52:26,064  INFO CRSApplication,main:34 - ----------Welcome to Course Management System---------
13:52:26,067  INFO CRSApplication,main:36 - =========Enter action code as below=========
13:52:26,067  INFO CRSApplication,main:37 - 1 - Login
13:52:26,067  INFO CRSApplication,main:38 - 2 - Student Registration
13:52:26,067  INFO CRSApplication,main:39 - 3 - Update password
13:52:26,067  INFO CRSApplication,main:40 - 9 - Exit
16:38:06,114  INFO CRSApplication,main:34 - ----------Welcome to Course Management System---------
16:38:06,119  INFO CRSApplication,main:36 - =========Enter action code as below=========
16:38:06,119  INFO CRSApplication,main:37 - 1 - Login
16:38:06,119  INFO CRSApplication,main:38 - 2 - Student Registration
16:38:06,120  INFO CRSApplication,main:39 - 3 - Update password
16:38:06,120  INFO CRSApplication,main:40 - 9 - Exit
16:40:02,170  INFO CRSApplication,main:52 - logging out
16:40:17,736  INFO CRSApplication,main:34 - ----------Welcome to Course Management System---------
16:40:17,740  INFO CRSApplication,main:36 - =========Enter action code as below=========
16:40:17,740  INFO CRSApplication,main:37 - 1 - Login
16:40:17,740  INFO CRSApplication,main:38 - 2 - Student Registration
16:40:17,740  INFO CRSApplication,main:39 - 3 - Update password
16:40:17,740  INFO CRSApplication,main:40 - 9 - Exit
